<?xml version="1.0" encoding="UTF-8"?>
<jboss-web>
    <security-domain>gfoundries-sd</security-domain>
    <context-root>/rest-impl</context-root>
</jboss-web>